<?xml version="1.0" encoding="UTF-8"?>
<!-- Generated by org.testng.reporters.JUnitReportReporter -->
<testsuite hostname="HMECL000922" name="com.mercurytours.testcases.LoginVerificationTest" tests="1" failures="0" timestamp="20 Mar 2019 06:57:35 GMT" time="10.726" errors="0">
  <testcase name="validSignInTest" time="10.726" classname="com.mercurytours.testcases.LoginVerificationTest"/>
</testsuite> <!-- com.mercurytours.testcases.LoginVerificationTest -->
